Build started 07/11/2017 22:41:03.
     1>Project "C:\Users\Daniel\Desktop\Trabajos\TPV\TPV\PacMan\HolaSDL\HolaSDL.vcxproj" on node 2 (Build target(s)).
     1>ClCompile:
         C:\Program Files (x86)\Microsoft Visual Studio 12.0\VC\bin\CL.exe /c /ZI /nologo /W3 /WX- /sdl /Od /Oy- /D _MBCS /Gm /EHsc /RTC1 /MDd /GS /fp:precise /Zc:wchar_t /Zc:forScope /Fo"Debug\\" /Fd"Debug\vc120.pdb" /Gd /TP /analyze- /errorReport:prompt Game.cpp PacMan.cpp
         PacMan.cpp
     1>c:\users\daniel\desktop\trabajos\tpv\tpv\pacman\holasdl\pacman.h(3): warning C4067: unexpected tokens following preprocessor directive - expected a newline
     1>c:\users\daniel\desktop\trabajos\tpv\tpv\pacman\holasdl\game.h(5): warning C4067: unexpected tokens following preprocessor directive - expected a newline
     1>c:\users\daniel\desktop\trabajos\tpv\tpv\pacman\holasdl\game.h(6): warning C4067: unexpected tokens following preprocessor directive - expected a newline
     1>c:\users\daniel\desktop\trabajos\tpv\tpv\pacman\holasdl\pacman.h(9): error C2011: 'PacMan' : 'class' type redefinition
                 c:\users\daniel\desktop\trabajos\tpv\tpv\pacman\holasdl\pacman.h(9) : see declaration of 'PacMan'
     1>c:\users\daniel\desktop\trabajos\tpv\tpv\pacman\holasdl\pacman.cpp(5): error C2027: use of undefined type 'PacMan'
                 c:\users\daniel\desktop\trabajos\tpv\tpv\pacman\holasdl\pacman.h(9) : see declaration of 'PacMan'
     1>c:\users\daniel\desktop\trabajos\tpv\tpv\pacman\holasdl\pacman.cpp(5): error C2143: syntax error : missing ')' before '*'
     1>c:\users\daniel\desktop\trabajos\tpv\tpv\pacman\holasdl\pacman.cpp(5): error C2143: syntax error : missing ';' before '*'
     1>c:\users\daniel\desktop\trabajos\tpv\tpv\pacman\holasdl\pacman.cpp(5): error C2079: 'Texture' uses undefined class 'PacMan'
     1>c:\users\daniel\desktop\trabajos\tpv\tpv\pacman\holasdl\pacman.cpp(5): error C4430: missing type specifier - int assumed. Note: C++ does not support default-int
     1>c:\users\daniel\desktop\trabajos\tpv\tpv\pacman\holasdl\pacman.cpp(5): error C2059: syntax error : ')'
     1>c:\users\daniel\desktop\trabajos\tpv\tpv\pacman\holasdl\pacman.cpp(6): error C4430: missing type specifier - int assumed. Note: C++ does not support default-int
     1>c:\users\daniel\desktop\trabajos\tpv\tpv\pacman\holasdl\pacman.cpp(7): error C2065: 'texture' : undeclared identifier
     1>c:\users\daniel\desktop\trabajos\tpv\tpv\pacman\holasdl\pacman.cpp(7): error C2143: syntax error : missing '}' before ';'
     1>c:\users\daniel\desktop\trabajos\tpv\tpv\pacman\holasdl\pacman.cpp(7): fatal error C1903: unable to recover from previous error(s); stopping compilation
         Game.cpp
     1>c:\users\daniel\desktop\trabajos\tpv\tpv\pacman\holasdl\game.h(5): warning C4067: unexpected tokens following preprocessor directive - expected a newline
     1>c:\users\daniel\desktop\trabajos\tpv\tpv\pacman\holasdl\game.h(6): warning C4067: unexpected tokens following preprocessor directive - expected a newline
     1>c:\users\daniel\desktop\trabajos\tpv\tpv\pacman\holasdl\pacman.h(3): warning C4067: unexpected tokens following preprocessor directive - expected a newline
     1>c:\users\daniel\desktop\trabajos\tpv\tpv\pacman\holasdl\game.cpp(29): warning C4150: deletion of pointer to incomplete type 'SDL_Window'; no destructor called
                 c:\users\daniel\desktop\trabajos\tpv\tpv\pacman\sdl2-2.0.4\include\sdl_video.h(89) : see declaration of 'SDL_Window'
     1>c:\users\daniel\desktop\trabajos\tpv\tpv\pacman\holasdl\game.cpp(56): fatal error C1075: end of file found before the left brace '{' at 'c:\users\daniel\desktop\trabajos\tpv\tpv\pacman\holasdl\game.cpp(50)' was matched
         Generating Code...
     1>Done Building Project "C:\Users\Daniel\Desktop\Trabajos\TPV\TPV\PacMan\HolaSDL\HolaSDL.vcxproj" (Build target(s)) -- FAILED.

Build FAILED.

Time Elapsed 00:00:01.08
